<?xml version="1.0" encoding="UTF-8" ?>
<testsuite tests="37" failures="0" name="net.opentsdb.tsd.TestKafkaRpcPluginThread" time="11.961" errors="0" skipped="0">
  <properties>
    <property name="java.runtime.name" value="OpenJDK Runtime Environment"/>
    <property name="sun.boot.library.path" value="/usr/lib/jvm/java-1.8.0-openjdk-1.8.0.212.b04-0.el7_6.x86_64/jre/lib/amd64"/>
    <property name="java.vm.version" value="25.212-b04"/>
    <property name="java.vm.vendor" value="Oracle Corporation"/>
    <property name="java.vendor.url" value="http://java.oracle.com/"/>
    <property name="path.separator" value=":"/>
    <property name="guice.disable.misplaced.annotation.check" value="true"/>
    <property name="java.vm.name" value="OpenJDK 64-Bit Server VM"/>
    <property name="file.encoding.pkg" value="sun.io"/>
    <property name="user.country" value="US"/>
    <property name="sun.java.launcher" value="SUN_STANDARD"/>
    <property name="sun.os.patch.level" value="unknown"/>
    <property name="java.vm.specification.name" value="Java Virtual Machine Specification"/>
    <property name="user.dir" value="/home/gce-pttep-internal-dev/opentsdb-rpc-kafka"/>
    <property name="java.runtime.version" value="1.8.0_212-b04"/>
    <property name="java.awt.graphicsenv" value="sun.awt.X11GraphicsEnvironment"/>
    <property name="java.endorsed.dirs" value="/usr/lib/jvm/java-1.8.0-openjdk-1.8.0.212.b04-0.el7_6.x86_64/jre/lib/endorsed"/>
    <property name="os.arch" value="amd64"/>
    <property name="java.io.tmpdir" value="/tmp"/>
    <property name="line.separator" value="
"/>
    <property name="java.vm.specification.vendor" value="Oracle Corporation"/>
    <property name="os.name" value="Linux"/>
    <property name="classworlds.conf" value="/usr/share/maven/bin/m2.conf"/>
    <property name="sun.jnu.encoding" value="ANSI_X3.4-1968"/>
    <property name="java.library.path" value="/usr/java/packages/lib/amd64:/usr/lib64:/lib64:/lib:/usr/lib"/>
    <property name="java.specification.name" value="Java Platform API Specification"/>
    <property name="java.class.version" value="52.0"/>
    <property name="sun.management.compiler" value="HotSpot 64-Bit Tiered Compilers"/>
    <property name="os.version" value="3.10.0-957.21.3.el7.x86_64"/>
    <property name="user.home" value="/home/gce-pttep-internal-dev"/>
    <property name="user.timezone" value="UTC"/>
    <property name="java.awt.printerjob" value="sun.print.PSPrinterJob"/>
    <property name="file.encoding" value="ANSI_X3.4-1968"/>
    <property name="java.specification.version" value="1.8"/>
    <property name="user.name" value="gce-pttep-internal-dev"/>
    <property name="java.class.path" value="/usr/share/maven/boot/plexus-classworlds.jar"/>
    <property name="java.vm.specification.version" value="1.8"/>
    <property name="sun.arch.data.model" value="64"/>
    <property name="java.home" value="/usr/lib/jvm/java-1.8.0-openjdk-1.8.0.212.b04-0.el7_6.x86_64/jre"/>
    <property name="sun.java.command" value="org.codehaus.plexus.classworlds.launcher.Launcher package -Pshaded"/>
    <property name="java.specification.vendor" value="Oracle Corporation"/>
    <property name="user.language" value="en"/>
    <property name="awt.toolkit" value="sun.awt.X11.XToolkit"/>
    <property name="java.vm.info" value="mixed mode"/>
    <property name="java.version" value="1.8.0_212"/>
    <property name="java.ext.dirs" value="/usr/lib/jvm/java-1.8.0-openjdk-1.8.0.212.b04-0.el7_6.x86_64/jre/lib/ext:/usr/java/packages/lib/ext"/>
    <property name="sun.boot.class.path" value="/usr/lib/jvm/java-1.8.0-openjdk-1.8.0.212.b04-0.el7_6.x86_64/jre/lib/resources.jar:/usr/lib/jvm/java-1.8.0-openjdk-1.8.0.212.b04-0.el7_6.x86_64/jre/lib/rt.jar:/usr/lib/jvm/java-1.8.0-openjdk-1.8.0.212.b04-0.el7_6.x86_64/jre/lib/sunrsasign.jar:/usr/lib/jvm/java-1.8.0-openjdk-1.8.0.212.b04-0.el7_6.x86_64/jre/lib/jsse.jar:/usr/lib/jvm/java-1.8.0-openjdk-1.8.0.212.b04-0.el7_6.x86_64/jre/lib/jce.jar:/usr/lib/jvm/java-1.8.0-openjdk-1.8.0.212.b04-0.el7_6.x86_64/jre/lib/charsets.jar:/usr/lib/jvm/java-1.8.0-openjdk-1.8.0.212.b04-0.el7_6.x86_64/jre/lib/jfr.jar:/usr/lib/jvm/java-1.8.0-openjdk-1.8.0.212.b04-0.el7_6.x86_64/jre/classes"/>
    <property name="java.vendor" value="Oracle Corporation"/>
    <property name="maven.home" value="/usr/share/maven"/>
    <property name="file.separator" value="/"/>
    <property name="java.vendor.url.bug" value="http://bugreport.sun.com/bugreport/"/>
    <property name="sun.cpu.endian" value="little"/>
    <property name="sun.io.unicode.encoding" value="UnicodeLittle"/>
    <property name="sun.cpu.isalist" value=""/>
  </properties>
  <testcase classname="net.opentsdb.tsd.TestKafkaRpcPluginThread" name="shutdown" time="2.298"/>
  <testcase classname="net.opentsdb.tsd.TestKafkaRpcPluginThread" name="ctor" time="0.221"/>
  <testcase classname="net.opentsdb.tsd.TestKafkaRpcPluginThread" name="ctorNullGroup" time="0.215"/>
  <testcase classname="net.opentsdb.tsd.TestKafkaRpcPluginThread" name="ctorNullTSDB" time="0.2"/>
  <testcase classname="net.opentsdb.tsd.TestKafkaRpcPluginThread" name="ctorNullRateLimiter" time="0.211"/>
  <testcase classname="net.opentsdb.tsd.TestKafkaRpcPluginThread" name="ctorNullGroupID" time="0.186"/>
  <testcase classname="net.opentsdb.tsd.TestKafkaRpcPluginThread" name="ctorEmptyGroupID" time="0.183"/>
  <testcase classname="net.opentsdb.tsd.TestKafkaRpcPluginThread" name="ctorNullHost" time="0.174"/>
  <testcase classname="net.opentsdb.tsd.TestKafkaRpcPluginThread" name="ctorEmptyHost" time="0.188"/>
  <testcase classname="net.opentsdb.tsd.TestKafkaRpcPluginThread" name="ctorNullTopics" time="0.169"/>
  <testcase classname="net.opentsdb.tsd.TestKafkaRpcPluginThread" name="ctorEmptyTopics" time="0.168"/>
  <testcase classname="net.opentsdb.tsd.TestKafkaRpcPluginThread" name="ctorNegativeThreadID" time="0.191"/>
  <testcase classname="net.opentsdb.tsd.TestKafkaRpcPluginThread" name="ctorRequeue" time="0.167"/>
  <testcase classname="net.opentsdb.tsd.TestKafkaRpcPluginThread" name="ctorRequeueOverride" time="0.159"/>
  <testcase classname="net.opentsdb.tsd.TestKafkaRpcPluginThread" name="ctorRequeueOverrideBadValue" time="0.189"/>
  <testcase classname="net.opentsdb.tsd.TestKafkaRpcPluginThread" name="buildConsumerPropertiesDefaults" time="0.238"/>
  <testcase classname="net.opentsdb.tsd.TestKafkaRpcPluginThread" name="buildConsumerPropertiesGroupOverride" time="0.245"/>
  <testcase classname="net.opentsdb.tsd.TestKafkaRpcPluginThread" name="buildConsumerConnector" time="0.133"/>
  <testcase classname="net.opentsdb.tsd.TestKafkaRpcPluginThread" name="runNoData" time="0.351"/>
  <testcase classname="net.opentsdb.tsd.TestKafkaRpcPluginThread" name="runNoDataRestart" time="0.195"/>
  <testcase classname="net.opentsdb.tsd.TestKafkaRpcPluginThread" name="runNoStreams" time="0.157"/>
  <testcase classname="net.opentsdb.tsd.TestKafkaRpcPluginThread" name="runGoodMessageRaw" time="0.729"/>
  <testcase classname="net.opentsdb.tsd.TestKafkaRpcPluginThread" name="runGoodMessageRawList" time="0.329"/>
  <testcase classname="net.opentsdb.tsd.TestKafkaRpcPluginThread" name="runGoodMessageRequeueRaw" time="0.297"/>
  <testcase classname="net.opentsdb.tsd.TestKafkaRpcPluginThread" name="runGoodMessageRequeueRawList" time="0.274"/>
  <testcase classname="net.opentsdb.tsd.TestKafkaRpcPluginThread" name="runEmptyData" time="0.251"/>
  <testcase classname="net.opentsdb.tsd.TestKafkaRpcPluginThread" name="runEmptyMetric" time="0.168"/>
  <testcase classname="net.opentsdb.tsd.TestKafkaRpcPluginThread" name="runStorageFailure" time="0.166"/>
  <testcase classname="net.opentsdb.tsd.TestKafkaRpcPluginThread" name="runRequeueWTF" time="0.153"/>
  <testcase classname="net.opentsdb.tsd.TestKafkaRpcPluginThread" name="runRequeueThrottling" time="0.186"/>
  <testcase classname="net.opentsdb.tsd.TestKafkaRpcPluginThread" name="runTooManyRuntimeException" time="0.181"/>
  <testcase classname="net.opentsdb.tsd.TestKafkaRpcPluginThread" name="runIteratorHasNextRuntimeException" time="0.155"/>
  <testcase classname="net.opentsdb.tsd.TestKafkaRpcPluginThread" name="runIteratorHasNextException" time="0.089"/>
  <testcase classname="net.opentsdb.tsd.TestKafkaRpcPluginThread" name="runIteratorNextRuntimeException" time="0.164"/>
  <testcase classname="net.opentsdb.tsd.TestKafkaRpcPluginThread" name="runIteratorNextException" time="0.099"/>
  <testcase classname="net.opentsdb.tsd.TestKafkaRpcPluginThread" name="runConsumerRuntimeException" time="0.123"/>
  <testcase classname="net.opentsdb.tsd.TestKafkaRpcPluginThread" name="runConsumerException" time="0.108"/>
</testsuite>